<?xml version="1.0" encoding="UTF-8"?>
<testsuite xmlns:xsi="http://www.w3.org/2001/XMLSchema-instance" xsi:noNamespaceSchemaLocation="https://maven.apache.org/surefire/maven-surefire-plugin/xsd/surefire-test-report.xsd" name="ui.tests.GoogleBddTest" time="9.253" tests="2" errors="0" skipped="0" failures="0">
  <properties>
[...]
</properties>
  <testcase name="shouldFindSelenide" classname="ui.tests.GoogleBddTest" time="7.559"/>
  <testcase name="shouldFindSelenium" classname="ui.tests.GoogleBddTest" time="1.494"/>
</testsuite>